------------------------------------------------------------------------------------------------------------------------

[2013-05-29 09:36:22 #1 store] 
Database '/home/lory/git/ronf/RONF/war/WEB-INF/db/guests.odb' is opened by 2829@lory-SVE1513Q1ESI

[2013-05-29 09:38:21 #2 store] 
Database '/home/lory/git/ronf/RONF/war/WEB-INF/db/guests.odb' is closed by 2829@lory-SVE1513Q1ESI

------------------------------------------------------------------------------------------------------------------------

[2013-05-29 10:35:47 #1 store] 
Database '/home/lory/workspace/Provenzo/guests.odb' has been recovered (tr. 197-197)

[2013-05-29 10:35:47 #2 store] 
Database '/home/lory/workspace/Provenzo/guests.odb' is opened by 4425@lory-SVE1513Q1ESI

------------------------------------------------------------------------------------------------------------------------

[2013-05-29 10:35:49 #1 explorer] 
[ObjectDB 2.5.0_05] javax.persistence.PersistenceException
Attempt to open a database file '/home/lory/workspace/Provenzo/guests.odb' that is currently in use by another process (error 141)
	at com.objectdb.Explorer$1.run(Explorer.java:56)
	at java.awt.event.InvocationEvent.dispatch(InvocationEvent.java:251)
	at java.awt.EventQueue.dispatchEventImpl(EventQueue.java:727)
	at java.awt.EventQueue.access$200(EventQueue.java:103)
	at java.awt.EventQueue$3.run(EventQueue.java:688)
	at java.awt.EventQueue$3.run(EventQueue.java:686)
	at java.security.AccessController.doPrivileged(Native Method)
	at java.security.ProtectionDomain$1.doIntersectionPrivilege(ProtectionDomain.java:76)
	at java.awt.EventQueue.dispatchEvent(EventQueue.java:697)
	at java.awt.EventDispatchThread.pumpOneEventForFilters(EventDispatchThread.java:242)
	at java.awt.EventDispatchThread.pumpEventsForFilter(EventDispatchThread.java:161)
	at java.awt.EventDispatchThread.pumpEventsForHierarchy(EventDispatchThread.java:150)
	at java.awt.EventDispatchThread.pumpEvents(EventDispatchThread.java:146)
	at java.awt.EventDispatchThread.pumpEvents(EventDispatchThread.java:138)
	at java.awt.EventDispatchThread.run(EventDispatchThread.java:91)
Caused by: com.objectdb.o.UserException: Attempt to open a database file '/home/lory/workspace/Provenzo/guests.odb' that is currently in use by another process
	at com.objectdb.o.MSG.d(MSG.java:61)
	at com.objectdb.o.LFL.O(LFL.java:913)
	at com.objectdb.o.LFL.I(LFL.java:859)
	at com.objectdb.o.LFL.I(LFL.java:769)
	at com.objectdb.o.SFL.<init>(SFL.java:232)
	at com.objectdb.o.MST.<init>(MST.java:109)
	at com.objectdb.o.MST.aJ(MST.java:94)
	at com.objectdb.o.MSF.UK(MSF.java:177)
	at com.objectdb.o.OMF.am(OMF.java:743)
	at com.objectdb.jpa.EMF.am(EMF.java:232)
	at com.objectdb.o.OMF.al(OMF.java:684)
	at com.objectdb.jpa.EMF.createEntityManager(EMF.java:250)
	... 17 more

[2013-05-29 10:35:57 #2 explorer] 
[ObjectDB 2.5.0_05] javax.persistence.PersistenceException
Attempt to open a database file '/home/lory/workspace/Provenzo/guests.odb' that is currently in use by another process (error 141)
	at javax.swing.AbstractButton.fireActionPerformed(AbstractButton.java:2018)
	at javax.swing.AbstractButton$Handler.actionPerformed(AbstractButton.java:2341)
	at javax.swing.DefaultButtonModel.fireActionPerformed(DefaultButtonModel.java:402)
	at javax.swing.DefaultButtonModel.setPressed(DefaultButtonModel.java:259)
	at javax.swing.AbstractButton.doClick(AbstractButton.java:376)
	at javax.swing.plaf.basic.BasicMenuItemUI.doClick(BasicMenuItemUI.java:833)
	at javax.swing.plaf.basic.BasicMenuItemUI$Handler.mouseReleased(BasicMenuItemUI.java:877)
	at java.awt.Component.processMouseEvent(Component.java:6505)
	at javax.swing.JComponent.processMouseEvent(JComponent.java:3321)
	at java.awt.Component.processEvent(Component.java:6270)
	at java.awt.Container.processEvent(Container.java:2229)
	at java.awt.Component.dispatchEventImpl(Component.java:4861)
	at java.awt.Container.dispatchEventImpl(Container.java:2287)
	at java.awt.Component.dispatchEvent(Component.java:4687)
	at java.awt.LightweightDispatcher.retargetMouseEvent(Container.java:4832)
	at java.awt.LightweightDispatcher.processMouseEvent(Container.java:4492)
	at java.awt.LightweightDispatcher.dispatchEvent(Container.java:4422)
	at java.awt.Container.dispatchEventImpl(Container.java:2273)
	at java.awt.Window.dispatchEventImpl(Window.java:2719)
	at java.awt.Component.dispatchEvent(Component.java:4687)
	at java.awt.EventQueue.dispatchEventImpl(EventQueue.java:729)
	at java.awt.EventQueue.access$200(EventQueue.java:103)
	at java.awt.EventQueue$3.run(EventQueue.java:688)
	at java.awt.EventQueue$3.run(EventQueue.java:686)
	at java.security.AccessController.doPrivileged(Native Method)
	at java.security.ProtectionDomain$1.doIntersectionPrivilege(ProtectionDomain.java:76)
	at java.security.ProtectionDomain$1.doIntersectionPrivilege(ProtectionDomain.java:87)
	at java.awt.EventQueue$4.run(EventQueue.java:702)
	at java.awt.EventQueue$4.run(EventQueue.java:700)
	at java.security.AccessController.doPrivileged(Native Method)
	at java.security.ProtectionDomain$1.doIntersectionPrivilege(ProtectionDomain.java:76)
	at java.awt.EventQueue.dispatchEvent(EventQueue.java:699)
	at java.awt.EventDispatchThread.pumpOneEventForFilters(EventDispatchThread.java:242)
	at java.awt.EventDispatchThread.pumpEventsForFilter(EventDispatchThread.java:161)
	at java.awt.EventDispatchThread.pumpEventsForHierarchy(EventDispatchThread.java:150)
	at java.awt.EventDispatchThread.pumpEvents(EventDispatchThread.java:146)
	at java.awt.EventDispatchThread.pumpEvents(EventDispatchThread.java:138)
	at java.awt.EventDispatchThread.run(EventDispatchThread.java:91)
Caused by: com.objectdb.o.UserException: Attempt to open a database file '/home/lory/workspace/Provenzo/guests.odb' that is currently in use by another process
	at com.objectdb.o.MSG.d(MSG.java:61)
	at com.objectdb.o.LFL.O(LFL.java:913)
	at com.objectdb.o.LFL.I(LFL.java:859)
	at com.objectdb.o.LFL.I(LFL.java:769)
	at com.objectdb.o.SFL.<init>(SFL.java:232)
	at com.objectdb.o.MST.<init>(MST.java:109)
	at com.objectdb.o.MST.aJ(MST.java:94)
	at com.objectdb.o.MSF.UK(MSF.java:177)
	at com.objectdb.o.OMF.am(OMF.java:743)
	at com.objectdb.jpa.EMF.am(EMF.java:232)
	at com.objectdb.o.OMF.al(OMF.java:684)
	at com.objectdb.jpa.EMF.createEntityManager(EMF.java:250)
	... 40 more

[2013-05-29 10:36:06 #3 store] 
Database '/home/lory/workspace/Provenzo/guests.odb' is closed by 4425@lory-SVE1513Q1ESI

[2013-05-29 10:36:06 #4 store] 
Database '/home/lory/workspace/Provenzo/guests.odb' is opened by 4425@lory-SVE1513Q1ESI

[2013-05-29 10:39:00 #5 store] 
Database '/home/lory/workspace/Provenzo/guests.odb' is closed by 4425@lory-SVE1513Q1ESI

------------------------------------------------------------------------------------------------------------------------

[2013-05-29 10:53:16 #1 store] 
Database '/home/lory/workspace/Provenzo/guests.odb' is opened by 5150@lory-SVE1513Q1ESI

[2013-05-29 10:57:15 #2 store] 
Database '/home/lory/workspace/Provenzo/guests.odb' is closed by 5150@lory-SVE1513Q1ESI

------------------------------------------------------------------------------------------------------------------------

[2013-05-29 10:58:56 #1 store] 
Database '/home/lory/workspace/Provenzo/guests.odb' is opened by 5355@lory-SVE1513Q1ESI

[2013-05-29 11:01:36 #2 store] 
Database '/home/lory/workspace/Provenzo/guests.odb' is closed by 5355@lory-SVE1513Q1ESI

------------------------------------------------------------------------------------------------------------------------

<<<<<<< HEAD
[2013-05-29 15:22:09 #1 store] 
Database '/home/alessio/git/ronf/RONF/war/WEB-INF/db/guests.odb' is opened by 30139@alessio-N56VZ

[2013-05-29 17:25:51 #2 store] 
Database '/home/alessio/git/ronf/RONF/war/WEB-INF/db/guests.odb' is closed by 30139@alessio-N56VZ

