------------------------------------------------------------------------------------------------------------------------

[2013-05-28 12:53:52 #1 explorer] 
[ObjectDB 2.5.0_05] javax.persistence.PersistenceException
Attempt to open a database file '/home/alessio/git/ronf/RONF/war/WEB-INF/db/guests.odb' that is currently in use by another process (error 141)
	at com.objectdb.Explorer$1.run(Explorer.java:56)
	at java.awt.event.InvocationEvent.dispatch(InvocationEvent.java:251)
	at java.awt.EventQueue.dispatchEventImpl(EventQueue.java:727)
	at java.awt.EventQueue.access$200(EventQueue.java:103)
	at java.awt.EventQueue$3.run(EventQueue.java:688)
	at java.awt.EventQueue$3.run(EventQueue.java:686)
	at java.security.AccessController.doPrivileged(Native Method)
	at java.security.ProtectionDomain$1.doIntersectionPrivilege(ProtectionDomain.java:76)
	at java.awt.EventQueue.dispatchEvent(EventQueue.java:697)
	at java.awt.EventDispatchThread.pumpOneEventForFilters(EventDispatchThread.java:242)
	at java.awt.EventDispatchThread.pumpEventsForFilter(EventDispatchThread.java:161)
	at java.awt.EventDispatchThread.pumpEventsForHierarchy(EventDispatchThread.java:150)
	at java.awt.EventDispatchThread.pumpEvents(EventDispatchThread.java:146)
	at java.awt.EventDispatchThread.pumpEvents(EventDispatchThread.java:138)
	at java.awt.EventDispatchThread.run(EventDispatchThread.java:91)
Caused by: com.objectdb.o.UserException: Attempt to open a database file '/home/alessio/git/ronf/RONF/war/WEB-INF/db/guests.odb' that is currently in use by another process
	at com.objectdb.o.MSG.d(MSG.java:61)
	at com.objectdb.o.LFL.O(LFL.java:913)
	at com.objectdb.o.LFL.I(LFL.java:859)
	at com.objectdb.o.LFL.I(LFL.java:769)
	at com.objectdb.o.SFL.<init>(SFL.java:232)
	at com.objectdb.o.MST.<init>(MST.java:109)
	at com.objectdb.o.MST.aJ(MST.java:94)
	at com.objectdb.o.MSF.UK(MSF.java:177)
	at com.objectdb.o.OMF.am(OMF.java:743)
	at com.objectdb.jpa.EMF.am(EMF.java:232)
	at com.objectdb.o.OMF.al(OMF.java:684)
	at com.objectdb.jpa.EMF.createEntityManager(EMF.java:250)
	... 17 more

------------------------------------------------------------------------------------------------------------------------

[2013-05-28 12:54:15 #1 store] 
Database '/home/alessio/git/ronf/RONF/war/WEB-INF/db/guests.odb' is opened by 13996@alessio-N56VZ

[2013-05-28 12:58:42 #2 store] 
Database '/home/alessio/git/ronf/RONF/war/WEB-INF/db/guests.odb' is closed by 13996@alessio-N56VZ

------------------------------------------------------------------------------------------------------------------------

[2013-05-28 13:12:51 #1 store] 
Database '/home/alessio/git/ronf/RONF/war/WEB-INF/db/guests.odb' is opened by 15315@alessio-N56VZ

[2013-05-28 13:16:03 #2 store] 
Database '/home/alessio/git/ronf/RONF/war/WEB-INF/db/guests.odb' is closed by 15315@alessio-N56VZ

------------------------------------------------------------------------------------------------------------------------

[2013-05-28 16:51:39 #1 store] 
Database '/home/alessio/git/ronf/RONF/war/WEB-INF/db/guests.odb' is opened by 26352@alessio-N56VZ

[2013-05-28 16:52:06 #2 store] 
Database '/home/alessio/git/ronf/RONF/war/WEB-INF/db/guests.odb' is closed by 26352@alessio-N56VZ

------------------------------------------------------------------------------------------------------------------------

[2013-05-28 16:58:34 #1 store] 
Database '/home/alessio/git/ronf/RONF/war/WEB-INF/db/guests.odb' is opened by 26816@alessio-N56VZ

[2013-05-28 17:03:26 #2 store] 
Database '/home/alessio/git/ronf/RONF/war/WEB-INF/db/guests.odb' is closed by 26816@alessio-N56VZ

