------------------------------------------------------------------------------------------------------------------------

[2013-05-28 11:58:53 #1 store] 
Database '/home/lory/workspace/Servers/GWT-deploy/webapps/RONF/WEB-INF/db/guests.odb' is opened by 5926@lory-SVE1513Q1ESI

[2013-05-28 11:59:16 #2 store] 
Database '/home/lory/workspace/Servers/GWT-deploy/webapps/RONF/WEB-INF/db/guests.odb' is closed by 5926@lory-SVE1513Q1ESI

[2013-05-28 11:59:21 #3 explorer] 
[ObjectDB 2.5.0_05] javax.persistence.PersistenceException
Failed to open file '/home/lory/git/ronf/RONF/war/WEB-INF/db' (error 115)
	at javax.swing.Timer.fireActionPerformed(Timer.java:312)
	at javax.swing.Timer$DoPostEvent.run(Timer.java:244)
	at java.awt.event.InvocationEvent.dispatch(InvocationEvent.java:251)
	at java.awt.EventQueue.dispatchEventImpl(EventQueue.java:727)
	at java.awt.EventQueue.access$200(EventQueue.java:103)
	at java.awt.EventQueue$3.run(EventQueue.java:688)
	at java.awt.EventQueue$3.run(EventQueue.java:686)
	at java.security.AccessController.doPrivileged(Native Method)
	at java.security.ProtectionDomain$1.doIntersectionPrivilege(ProtectionDomain.java:76)
	at java.awt.EventQueue.dispatchEvent(EventQueue.java:697)
	at java.awt.EventDispatchThread.pumpOneEventForFilters(EventDispatchThread.java:242)
	at java.awt.EventDispatchThread.pumpEventsForFilter(EventDispatchThread.java:161)
	at java.awt.EventDispatchThread.pumpEventsForHierarchy(EventDispatchThread.java:150)
	at java.awt.EventDispatchThread.pumpEvents(EventDispatchThread.java:146)
	at java.awt.EventDispatchThread.pumpEvents(EventDispatchThread.java:138)
	at java.awt.EventDispatchThread.run(EventDispatchThread.java:91)
Caused by: com.objectdb.o.UserException: Failed to open file '/home/lory/git/ronf/RONF/war/WEB-INF/db'
	at com.objectdb.o.MSG.d(MSG.java:74)
	at com.objectdb.o.LFL.Y(LFL.java:1174)
	at com.objectdb.o.LFL.I(LFL.java:873)
	at com.objectdb.o.LFL.I(LFL.java:769)
	at com.objectdb.o.SFL.<init>(SFL.java:232)
	at com.objectdb.o.MST.<init>(MST.java:109)
	at com.objectdb.o.MST.aJ(MST.java:94)
	at com.objectdb.o.MSF.UK(MSF.java:177)
	at com.objectdb.o.OMF.am(OMF.java:743)
	at com.objectdb.jpa.EMF.am(EMF.java:232)
	at com.objectdb.o.OMF.al(OMF.java:684)
	at com.objectdb.jpa.EMF.createEntityManager(EMF.java:250)
	... 18 more
Caused by: java.io.FileNotFoundException: /home/lory/git/ronf/RONF/war/WEB-INF/db (È una directory)
	at java.io.RandomAccessFile.open(Native Method)
	at java.io.RandomAccessFile.<init>(RandomAccessFile.java:233)
	at com.objectdb.o.LFL.I(LFL.java:856)
	... 27 more

------------------------------------------------------------------------------------------------------------------------

[2013-05-28 11:59:34 #1 store] 
Database '/home/lory/workspace/Servers/GWT-deploy/webapps/RONF/WEB-INF/db/guests.odb' is opened by 5960@lory-SVE1513Q1ESI

[2013-05-28 12:00:19 #2 store] 
Database '/home/lory/workspace/Servers/GWT-deploy/webapps/RONF/WEB-INF/db/guests.odb' is closed by 5960@lory-SVE1513Q1ESI

[2013-05-28 12:00:19 #3 store] 
Database '/home/lory/git/ronf/RONF/war/WEB-INF/db/guests.odb' is opened by 5960@lory-SVE1513Q1ESI

[2013-05-28 12:03:50 #4 store] 
Database '/home/lory/git/ronf/RONF/war/WEB-INF/db/guests.odb' is closed by 5960@lory-SVE1513Q1ESI

------------------------------------------------------------------------------------------------------------------------

[2013-05-28 12:07:43 #1 store] 
Database '/home/lory/git/ronf/RONF/war/WEB-INF/db/guests.odb' is opened by 6158@lory-SVE1513Q1ESI

[2013-05-28 12:08:43 #2 store] 
Database '/home/lory/git/ronf/RONF/war/WEB-INF/db/guests.odb' is closed by 6158@lory-SVE1513Q1ESI

------------------------------------------------------------------------------------------------------------------------

[2013-05-28 13:26:02 #1 store] 
Database '/home/lory/git/ronf/RONF/war/WEB-INF/db/guests.odb' is opened by 8597@lory-SVE1513Q1ESI

[2013-05-28 13:26:05 #2 store] 
Database '/home/lory/git/ronf/RONF/war/WEB-INF/db/guests.odb' is closed by 8597@lory-SVE1513Q1ESI

------------------------------------------------------------------------------------------------------------------------

[2013-05-28 13:32:51 #1 store] 
Database '/home/lory/git/ronf/RONF/war/WEB-INF/db/guests.odb' is opened by 8928@lory-SVE1513Q1ESI

[2013-05-28 13:33:05 #2 store] 
Database '/home/lory/git/ronf/RONF/war/WEB-INF/db/guests.odb' is closed by 8928@lory-SVE1513Q1ESI

------------------------------------------------------------------------------------------------------------------------

[2013-05-28 14:14:04 #1 store] 
Database '/home/lory/git/ronf/RONF/war/WEB-INF/db/guests.odb' is opened by 10014@lory-SVE1513Q1ESI

[2013-05-28 14:14:07 #2 store] 
Database '/home/lory/git/ronf/RONF/war/WEB-INF/db/guests.odb' is closed by 10014@lory-SVE1513Q1ESI

------------------------------------------------------------------------------------------------------------------------

[2013-05-28 14:14:19 #1 store] 
Database '/home/lory/git/ronf/RONF/war/WEB-INF/db/guests.odb' is opened by 10064@lory-SVE1513Q1ESI

[2013-05-28 14:14:29 #2 store] 
Database '/home/lory/git/ronf/RONF/war/WEB-INF/db/guests.odb' is closed by 10064@lory-SVE1513Q1ESI

------------------------------------------------------------------------------------------------------------------------

[2013-05-28 14:24:47 #1 store] 
Database '/home/lory/git/ronf/RONF/war/WEB-INF/db/guests.odb' is opened by 10481@lory-SVE1513Q1ESI

[2013-05-28 14:24:51 #2 store] 
Database '/home/lory/git/ronf/RONF/war/WEB-INF/db/guests.odb' is closed by 10481@lory-SVE1513Q1ESI

------------------------------------------------------------------------------------------------------------------------

[2013-05-28 14:38:21 #1 explorer] 
[ObjectDB 2.5.0_05] javax.persistence.PersistenceException
Attempt to open a database file '/home/lory/git/ronf/RONF/war/WEB-INF/db/guests.odb' that is currently in use by another process (error 141)
	at com.objectdb.Explorer$1.run(Explorer.java:56)
	at java.awt.event.InvocationEvent.dispatch(InvocationEvent.java:251)
	at java.awt.EventQueue.dispatchEventImpl(EventQueue.java:727)
	at java.awt.EventQueue.access$200(EventQueue.java:103)
	at java.awt.EventQueue$3.run(EventQueue.java:688)
	at java.awt.EventQueue$3.run(EventQueue.java:686)
	at java.security.AccessController.doPrivileged(Native Method)
	at java.security.ProtectionDomain$1.doIntersectionPrivilege(ProtectionDomain.java:76)
	at java.awt.EventQueue.dispatchEvent(EventQueue.java:697)
	at java.awt.EventDispatchThread.pumpOneEventForFilters(EventDispatchThread.java:242)
	at java.awt.EventDispatchThread.pumpEventsForFilter(EventDispatchThread.java:161)
	at java.awt.EventDispatchThread.pumpEventsForHierarchy(EventDispatchThread.java:150)
	at java.awt.EventDispatchThread.pumpEvents(EventDispatchThread.java:146)
	at java.awt.EventDispatchThread.pumpEvents(EventDispatchThread.java:138)
	at java.awt.EventDispatchThread.run(EventDispatchThread.java:91)
Caused by: com.objectdb.o.UserException: Attempt to open a database file '/home/lory/git/ronf/RONF/war/WEB-INF/db/guests.odb' that is currently in use by another process
	at com.objectdb.o.MSG.d(MSG.java:61)
	at com.objectdb.o.LFL.O(LFL.java:913)
	at com.objectdb.o.LFL.I(LFL.java:859)
	at com.objectdb.o.LFL.I(LFL.java:769)
	at com.objectdb.o.SFL.<init>(SFL.java:232)
	at com.objectdb.o.MST.<init>(MST.java:109)
	at com.objectdb.o.MST.aJ(MST.java:94)
	at com.objectdb.o.MSF.UK(MSF.java:177)
	at com.objectdb.o.OMF.am(OMF.java:743)
	at com.objectdb.jpa.EMF.am(EMF.java:232)
	at com.objectdb.o.OMF.al(OMF.java:684)
	at com.objectdb.jpa.EMF.createEntityManager(EMF.java:250)
	... 17 more

------------------------------------------------------------------------------------------------------------------------

[2013-05-28 14:48:18 #1 store] 
Database '/home/lory/git/ronf/RONF/war/WEB-INF/db/guests.odb' is opened by 11502@lory-SVE1513Q1ESI

[2013-05-28 14:49:23 #2 store] 
Database '/home/lory/git/ronf/RONF/war/WEB-INF/db/guests.odb' is closed by 11502@lory-SVE1513Q1ESI

------------------------------------------------------------------------------------------------------------------------

[2013-05-28 14:52:19 #1 store] 
Database '/home/lory/git/ronf/RONF/war/WEB-INF/db/guests.odb' is opened by 11680@lory-SVE1513Q1ESI

[2013-05-28 14:52:53 #2 store] 
Database '/home/lory/git/ronf/RONF/war/WEB-INF/db/guests.odb' is closed by 11680@lory-SVE1513Q1ESI

------------------------------------------------------------------------------------------------------------------------

[2013-05-28 15:29:59 #1 store] 
Database '/home/lory/git/ronf/RONF/war/WEB-INF/db/guests.odb' is opened by 13501@lory-SVE1513Q1ESI

[2013-05-28 15:31:24 #2 store] 
Database '/home/lory/git/ronf/RONF/war/WEB-INF/db/guests.odb' is closed by 13501@lory-SVE1513Q1ESI

------------------------------------------------------------------------------------------------------------------------

[2013-05-28 15:44:43 #1 store] 
Database '/home/lory/git/ronf/RONF/war/WEB-INF/db/guests.odb' is opened by 14263@lory-SVE1513Q1ESI

[2013-05-28 15:44:54 #2 store] 
Database '/home/lory/git/ronf/RONF/war/WEB-INF/db/guests.odb' is closed by 14263@lory-SVE1513Q1ESI

------------------------------------------------------------------------------------------------------------------------

[2013-05-28 16:04:45 #1 explorer] 
[ObjectDB 2.5.0_05] javax.persistence.PersistenceException
Attempt to open a database file '/home/lory/git/ronf/RONF/war/WEB-INF/db/guests.odb' that is currently in use by another process (error 141)
	at com.objectdb.Explorer$1.run(Explorer.java:56)
	at java.awt.event.InvocationEvent.dispatch(InvocationEvent.java:251)
	at java.awt.EventQueue.dispatchEventImpl(EventQueue.java:727)
	at java.awt.EventQueue.access$200(EventQueue.java:103)
	at java.awt.EventQueue$3.run(EventQueue.java:688)
	at java.awt.EventQueue$3.run(EventQueue.java:686)
	at java.security.AccessController.doPrivileged(Native Method)
	at java.security.ProtectionDomain$1.doIntersectionPrivilege(ProtectionDomain.java:76)
	at java.awt.EventQueue.dispatchEvent(EventQueue.java:697)
	at java.awt.EventDispatchThread.pumpOneEventForFilters(EventDispatchThread.java:242)
	at java.awt.EventDispatchThread.pumpEventsForFilter(EventDispatchThread.java:161)
	at java.awt.EventDispatchThread.pumpEventsForHierarchy(EventDispatchThread.java:150)
	at java.awt.EventDispatchThread.pumpEvents(EventDispatchThread.java:146)
	at java.awt.EventDispatchThread.pumpEvents(EventDispatchThread.java:138)
	at java.awt.EventDispatchThread.run(EventDispatchThread.java:91)
Caused by: com.objectdb.o.UserException: Attempt to open a database file '/home/lory/git/ronf/RONF/war/WEB-INF/db/guests.odb' that is currently in use by another process
	at com.objectdb.o.MSG.d(MSG.java:61)
	at com.objectdb.o.LFL.O(LFL.java:913)
	at com.objectdb.o.LFL.I(LFL.java:859)
	at com.objectdb.o.LFL.I(LFL.java:769)
	at com.objectdb.o.SFL.<init>(SFL.java:232)
	at com.objectdb.o.MST.<init>(MST.java:109)
	at com.objectdb.o.MST.aJ(MST.java:94)
	at com.objectdb.o.MSF.UK(MSF.java:177)
	at com.objectdb.o.OMF.am(OMF.java:743)
	at com.objectdb.jpa.EMF.am(EMF.java:232)
	at com.objectdb.o.OMF.al(OMF.java:684)
	at com.objectdb.jpa.EMF.createEntityManager(EMF.java:250)
	... 17 more

------------------------------------------------------------------------------------------------------------------------

[2013-05-28 16:04:53 #1 store] 
Database '/home/lory/git/ronf/RONF/war/WEB-INF/db/guests.odb' is opened by 15123@lory-SVE1513Q1ESI

[2013-05-28 16:09:48 #2 store] 
Database '/home/lory/git/ronf/RONF/war/WEB-INF/db/guests.odb' is closed by 15123@lory-SVE1513Q1ESI

------------------------------------------------------------------------------------------------------------------------

[2013-05-28 16:55:44 #1 store] 
Database '/home/lory/git/ronf/RONF/war/WEB-INF/db/guests.odb' is opened by 16363@lory-SVE1513Q1ESI

[2013-05-28 16:58:46 #2 store] 
Database '/home/lory/git/ronf/RONF/war/WEB-INF/db/guests.odb' is closed by 16363@lory-SVE1513Q1ESI

------------------------------------------------------------------------------------------------------------------------

[2013-05-28 17:05:00 #1 explorer] 
[ObjectDB 2.5.0_05] javax.persistence.PersistenceException
Attempt to open a database file '/home/lory/git/ronf/RONF/war/WEB-INF/db/guests.odb' that is currently in use by another process (error 141)
	at com.objectdb.Explorer$1.run(Explorer.java:56)
	at java.awt.event.InvocationEvent.dispatch(InvocationEvent.java:251)
	at java.awt.EventQueue.dispatchEventImpl(EventQueue.java:727)
	at java.awt.EventQueue.access$200(EventQueue.java:103)
	at java.awt.EventQueue$3.run(EventQueue.java:688)
	at java.awt.EventQueue$3.run(EventQueue.java:686)
	at java.security.AccessController.doPrivileged(Native Method)
	at java.security.ProtectionDomain$1.doIntersectionPrivilege(ProtectionDomain.java:76)
	at java.awt.EventQueue.dispatchEvent(EventQueue.java:697)
	at java.awt.EventDispatchThread.pumpOneEventForFilters(EventDispatchThread.java:242)
	at java.awt.EventDispatchThread.pumpEventsForFilter(EventDispatchThread.java:161)
	at java.awt.EventDispatchThread.pumpEventsForHierarchy(EventDispatchThread.java:150)
	at java.awt.EventDispatchThread.pumpEvents(EventDispatchThread.java:146)
	at java.awt.EventDispatchThread.pumpEvents(EventDispatchThread.java:138)
	at java.awt.EventDispatchThread.run(EventDispatchThread.java:91)
Caused by: com.objectdb.o.UserException: Attempt to open a database file '/home/lory/git/ronf/RONF/war/WEB-INF/db/guests.odb' that is currently in use by another process
	at com.objectdb.o.MSG.d(MSG.java:61)
	at com.objectdb.o.LFL.O(LFL.java:913)
	at com.objectdb.o.LFL.I(LFL.java:859)
	at com.objectdb.o.LFL.I(LFL.java:769)
	at com.objectdb.o.SFL.<init>(SFL.java:232)
	at com.objectdb.o.MST.<init>(MST.java:109)
	at com.objectdb.o.MST.aJ(MST.java:94)
	at com.objectdb.o.MSF.UK(MSF.java:177)
	at com.objectdb.o.OMF.am(OMF.java:743)
	at com.objectdb.jpa.EMF.am(EMF.java:232)
	at com.objectdb.o.OMF.al(OMF.java:684)
	at com.objectdb.jpa.EMF.createEntityManager(EMF.java:250)
	... 17 more

------------------------------------------------------------------------------------------------------------------------

[2013-05-28 17:08:37 #1 store] 
Database '/home/lory/git/ronf/RONF/war/WEB-INF/db/guests.odb' is opened by 16796@lory-SVE1513Q1ESI

[2013-05-28 17:09:39 #2 store] 
Database '/home/lory/git/ronf/RONF/war/WEB-INF/db/guests.odb' is closed by 16796@lory-SVE1513Q1ESI

------------------------------------------------------------------------------------------------------------------------

[2013-05-28 17:28:08 #1 store] 
Database '/home/lory/git/ronf/RONF/war/WEB-INF/db/guests.odb' is opened by 17516@lory-SVE1513Q1ESI

[2013-05-28 17:32:11 #2 store] 
Database '/home/lory/git/ronf/RONF/war/WEB-INF/db/guests.odb' is closed by 17516@lory-SVE1513Q1ESI

------------------------------------------------------------------------------------------------------------------------

[2013-05-28 17:35:51 #1 store] 
Database '/home/lory/git/ronf/RONF/war/WEB-INF/db/guests.odb' is opened by 17746@lory-SVE1513Q1ESI

[2013-05-28 17:36:26 #2 store] 
Database '/home/lory/git/ronf/RONF/war/WEB-INF/db/guests.odb' is closed by 17746@lory-SVE1513Q1ESI

------------------------------------------------------------------------------------------------------------------------

[2013-05-28 17:36:35 #1 store] 
Database '/home/lory/git/ronf/RONF/war/WEB-INF/db/guests.odb' is opened by 17782@lory-SVE1513Q1ESI

[2013-05-28 17:37:09 #2 store] 
Database '/home/lory/git/ronf/RONF/war/WEB-INF/db/guests.odb' is closed by 17782@lory-SVE1513Q1ESI

------------------------------------------------------------------------------------------------------------------------

[2013-05-28 17:39:51 #1 explorer] 
[ObjectDB 2.5.0_05] javax.persistence.PersistenceException
Attempt to open a database file '/home/lory/git/ronf/RONF/war/WEB-INF/db/guests.odb' that is currently in use by another process (error 141)
	at com.objectdb.Explorer$1.run(Explorer.java:56)
	at java.awt.event.InvocationEvent.dispatch(InvocationEvent.java:251)
	at java.awt.EventQueue.dispatchEventImpl(EventQueue.java:727)
	at java.awt.EventQueue.access$200(EventQueue.java:103)
	at java.awt.EventQueue$3.run(EventQueue.java:688)
	at java.awt.EventQueue$3.run(EventQueue.java:686)
	at java.security.AccessController.doPrivileged(Native Method)
	at java.security.ProtectionDomain$1.doIntersectionPrivilege(ProtectionDomain.java:76)
	at java.awt.EventQueue.dispatchEvent(EventQueue.java:697)
	at java.awt.EventDispatchThread.pumpOneEventForFilters(EventDispatchThread.java:242)
	at java.awt.EventDispatchThread.pumpEventsForFilter(EventDispatchThread.java:161)
	at java.awt.EventDispatchThread.pumpEventsForHierarchy(EventDispatchThread.java:150)
	at java.awt.EventDispatchThread.pumpEvents(EventDispatchThread.java:146)
	at java.awt.EventDispatchThread.pumpEvents(EventDispatchThread.java:138)
	at java.awt.EventDispatchThread.run(EventDispatchThread.java:91)
Caused by: com.objectdb.o.UserException: Attempt to open a database file '/home/lory/git/ronf/RONF/war/WEB-INF/db/guests.odb' that is currently in use by another process
	at com.objectdb.o.MSG.d(MSG.java:61)
	at com.objectdb.o.LFL.O(LFL.java:913)
	at com.objectdb.o.LFL.I(LFL.java:859)
	at com.objectdb.o.LFL.I(LFL.java:769)
	at com.objectdb.o.SFL.<init>(SFL.java:232)
	at com.objectdb.o.MST.<init>(MST.java:109)
	at com.objectdb.o.MST.aJ(MST.java:94)
	at com.objectdb.o.MSF.UK(MSF.java:177)
	at com.objectdb.o.OMF.am(OMF.java:743)
	at com.objectdb.jpa.EMF.am(EMF.java:232)
	at com.objectdb.o.OMF.al(OMF.java:684)
	at com.objectdb.jpa.EMF.createEntityManager(EMF.java:250)
	... 17 more

------------------------------------------------------------------------------------------------------------------------

[2013-05-28 17:39:58 #1 store] 
Database '/home/lory/git/ronf/RONF/war/WEB-INF/db/guests.odb' is opened by 17986@lory-SVE1513Q1ESI

[2013-05-28 17:40:32 #2 store] 
Database '/home/lory/git/ronf/RONF/war/WEB-INF/db/guests.odb' is closed by 17986@lory-SVE1513Q1ESI

