------------------------------------------------------------------------------------------------------------------------

[2013-06-04 10:03:46 #1 store] 
Database '/home/lory/git/ronf/RONF/war/WEB-INF/db/guests.odb' is opened by 5131@lory-SVE1513Q1ESI

[2013-06-04 10:04:25 #2 store] 
Database '/home/lory/git/ronf/RONF/war/WEB-INF/db/guests.odb' is closed by 5131@lory-SVE1513Q1ESI

[2013-06-04 10:04:26 #3 store] 
Database '/home/lory/git/ronf/RONF/war/WEB-INF/db/guests.odb' is opened by 5131@lory-SVE1513Q1ESI

[2013-06-04 10:40:07 #4 store] 
Database '/home/lory/git/ronf/RONF/war/WEB-INF/db/guests.odb' is closed by 5131@lory-SVE1513Q1ESI

------------------------------------------------------------------------------------------------------------------------

[2013-06-04 10:48:01 #1 store] 
Database '/home/lory/workspace/Servers/GWT-deploy/webapps/RONF/WEB-INF/db/guests.odb' is opened by 6214@lory-SVE1513Q1ESI

[2013-06-04 10:48:16 #2 store] 
Database '/home/lory/workspace/Servers/GWT-deploy/webapps/RONF/WEB-INF/db/guests.odb' is closed by 6214@lory-SVE1513Q1ESI

[2013-06-04 10:48:16 #3 store] 
Database '/home/lory/workspace/Servers/GWT-deploy/webapps/RONF/WEB-INF/db/guests.odb' is opened by 6214@lory-SVE1513Q1ESI

[2013-06-04 10:52:46 #4 store] 
Database '/home/lory/workspace/Servers/GWT-deploy/webapps/RONF/WEB-INF/db/guests.odb' is closed by 6214@lory-SVE1513Q1ESI

------------------------------------------------------------------------------------------------------------------------

[2013-06-04 10:54:51 #1 store] 
Database '/home/lory/workspace/Servers/GWT-deploy/webapps/RONF/WEB-INF/db/guests.odb' is opened by 6577@lory-SVE1513Q1ESI

[2013-06-04 10:55:04 #2 store] 
Database '/home/lory/workspace/Servers/GWT-deploy/webapps/RONF/WEB-INF/db/guests.odb' is closed by 6577@lory-SVE1513Q1ESI

